2022-11-25 10:23:10,583 INFO client.RMProxy: Connecting to ResourceManager at /127.0.0.2:8032
2022-11-25 10:23:11,472 INFO mapreduce.JobResourceUploader: Disabling Erasure Coding for path: /tmp/hadoop-yarn/staging/demo/.staging/job_1669370501714_0004
2022-11-25 10:23:11,975 INFO input.FileInputFormat: Total input files to process : 1
2022-11-25 10:23:12,225 INFO mapreduce.JobSubmitter: number of splits:1
2022-11-25 10:23:12,735 INFO mapreduce.JobSubmitter: Submitting tokens for job: job_1669370501714_0004
2022-11-25 10:23:12,737 INFO mapreduce.JobSubmitter: Executing with tokens: []
2022-11-25 10:23:13,187 INFO conf.Configuration: resource-types.xml not found
2022-11-25 10:23:13,187 INFO resource.ResourceUtils: Unable to find 'resource-types.xml'.
2022-11-25 10:23:13,409 INFO impl.YarnClientImpl: Submitted application application_1669370501714_0004
2022-11-25 10:23:13,529 INFO mapreduce.Job: The url to track the job: http://nixos:8088/proxy/application_1669370501714_0004/
2022-11-25 10:23:13,530 INFO mapreduce.Job: Running job: job_1669370501714_0004
2022-11-25 10:23:33,216 INFO mapreduce.Job: Job job_1669370501714_0004 running in uber mode : false
2022-11-25 10:23:33,217 INFO mapreduce.Job:  map 0% reduce 0%
2022-11-25 10:23:43,430 INFO mapreduce.Job:  map 100% reduce 0%
2022-11-25 10:23:50,535 INFO mapreduce.Job:  map 100% reduce 100%
2022-11-25 10:23:51,553 INFO mapreduce.Job: Job job_1669370501714_0004 completed successfully
2022-11-25 10:23:51,722 INFO mapreduce.Job: Counters: 52
	File System Counters
		FILE: Number of bytes read=305566
		FILE: Number of bytes written=1084655
		FILE: Number of read operations=0
		FILE: Number of large read operations=0
		FILE: Number of write operations=0
		HDFS: Number of bytes read=859235
		HDFS: Number of bytes written=215926
		HDFS: Number of read operations=8
		HDFS: Number of large read operations=0
		HDFS: Number of write operations=2
		HDFS: Number of bytes read erasure-coded=0
	Job Counters 
		Launched map tasks=1
		Launched reduce tasks=1
		Data-local map tasks=1
		Total time spent by all maps in occupied slots (ms)=7533
		Total time spent by all reduces in occupied slots (ms)=5145
		Total time spent by all map tasks (ms)=7533
		Total time spent by all reduce tasks (ms)=5145
		Total vcore-milliseconds taken by all map tasks=7533
		Total vcore-milliseconds taken by all reduce tasks=5145
		Total megabyte-milliseconds taken by all map tasks=7713792
		Total megabyte-milliseconds taken by all reduce tasks=5268480
	Map-Reduce Framework
		Map input records=69536
		Map output records=122039
		Map output bytes=1347261
		Map output materialized bytes=305566
		Input split bytes=130
		Combine input records=122039
		Combine output records=22847
		Reduce input groups=22847
		Reduce shuffle bytes=305566
		Reduce input records=22847
		Reduce output records=22847
		Spilled Records=45694
		Shuffled Maps =1
		Failed Shuffles=0
		Merged Map outputs=1
		GC time elapsed (ms)=211
		CPU time spent (ms)=0
		Physical memory (bytes) snapshot=0
		Virtual memory (bytes) snapshot=5648265216
		Total committed heap usage (bytes)=316018688
		Peak Map Virtual memory (bytes)=2819936256
		Peak Reduce Virtual memory (bytes)=2828328960
	Shuffle Errors
		BAD_ID=0
		CONNECTION=0
		IO_ERROR=0
		WRONG_LENGTH=0
		WRONG_MAP=0
		WRONG_REDUCE=0
	File Input Format Counters 
		Bytes Read=859105
	File Output Format Counters 
		Bytes Written=215926
